2025-04-15 23:09:44,690 - architecture2 - INFO - training started for 30 epochs
2025-04-15 23:09:44,690 - architecture2 - INFO - model will be saved to: model_folder/best_model_15-04-2025-23-09.pth
2025-04-15 23:11:42,907 - architecture2 - INFO - Epoch 1/30 || Time: 118.21s | Remaining: 61.1min || Train Acc: 0.9090 | Val Acc: 0.9931 || Train Loss: 0.3780 | Val Loss: 0.2694 || Val IoU: 0.6007 | Val F1: 0.7504
2025-04-15 23:13:39,907 - architecture2 - INFO - Epoch 2/30 || Time: 116.99s | Remaining: 58.5min || Train Acc: 0.9944 | Val Acc: 0.9948 || Train Loss: 0.2542 | Val Loss: 0.2499 || Val IoU: 0.6848 | Val F1: 0.8128
2025-04-15 23:15:36,777 - architecture2 - INFO - Epoch 3/30 || Time: 116.86s | Remaining: 56.5min || Train Acc: 0.9952 | Val Acc: 0.9954 || Train Loss: 0.2447 | Val Loss: 0.2414 || Val IoU: 0.7174 | Val F1: 0.8353
2025-04-15 23:17:33,658 - architecture2 - INFO - Epoch 4/30 || Time: 116.88s | Remaining: 54.5min || Train Acc: 0.9956 | Val Acc: 0.9956 || Train Loss: 0.2405 | Val Loss: 0.2391 || Val IoU: 0.7282 | Val F1: 0.8426
2025-04-15 23:19:30,439 - architecture2 - INFO - Epoch 5/30 || Time: 116.77s | Remaining: 52.5min || Train Acc: 0.9958 | Val Acc: 0.9958 || Train Loss: 0.2382 | Val Loss: 0.2377 || Val IoU: 0.7345 | Val F1: 0.8468
2025-04-15 23:21:27,334 - architecture2 - INFO - Epoch 6/30 || Time: 116.89s | Remaining: 50.7min || Train Acc: 0.9959 | Val Acc: 0.9958 || Train Loss: 0.2363 | Val Loss: 0.2374 || Val IoU: 0.7347 | Val F1: 0.8470
2025-04-15 23:23:24,215 - architecture2 - INFO - Epoch 7/30 || Time: 116.88s | Remaining: 48.7min || Train Acc: 0.9960 | Val Acc: 0.9949 || Train Loss: 0.2353 | Val Loss: 0.2449 || Val IoU: 0.7049 | Val F1: 0.8268
2025-04-15 23:25:20,947 - architecture2 - INFO - Epoch 8/30 || Time: 116.73s | Remaining: 46.7min || Train Acc: 0.9961 | Val Acc: 0.9941 || Train Loss: 0.2345 | Val Loss: 0.2516 || Val IoU: 0.6719 | Val F1: 0.8037
2025-04-15 23:27:17,875 - architecture2 - INFO - Epoch 9/30 || Time: 116.92s | Remaining: 44.8min || Train Acc: 0.9962 | Val Acc: 0.9960 || Train Loss: 0.2335 | Val Loss: 0.2343 || Val IoU: 0.7500 | Val F1: 0.8571
2025-04-15 23:29:14,651 - architecture2 - INFO - Epoch 10/30 || Time: 116.78s | Remaining: 42.8min || Train Acc: 0.9962 | Val Acc: 0.9959 || Train Loss: 0.2332 | Val Loss: 0.2391 || Val IoU: 0.7307 | Val F1: 0.8443
2025-04-15 23:31:11,560 - architecture2 - INFO - Epoch 11/30 || Time: 116.91s | Remaining: 40.9min || Train Acc: 0.9962 | Val Acc: 0.9958 || Train Loss: 0.2328 | Val Loss: 0.2364 || Val IoU: 0.7425 | Val F1: 0.8522
2025-04-15 23:33:08,475 - architecture2 - INFO - Epoch 12/30 || Time: 116.91s | Remaining: 39.0min || Train Acc: 0.9963 | Val Acc: 0.9958 || Train Loss: 0.2319 | Val Loss: 0.2376 || Val IoU: 0.7363 | Val F1: 0.8480
2025-04-15 23:35:05,462 - architecture2 - INFO - Epoch 13/30 || Time: 116.98s | Remaining: 37.0min || Train Acc: 0.9964 | Val Acc: 0.9962 || Train Loss: 0.2309 | Val Loss: 0.2322 || Val IoU: 0.7632 | Val F1: 0.8656
2025-04-15 23:37:02,517 - architecture2 - INFO - Epoch 14/30 || Time: 117.05s | Remaining: 35.1min || Train Acc: 0.9964 | Val Acc: 0.9964 || Train Loss: 0.2306 | Val Loss: 0.2306 || Val IoU: 0.7701 | Val F1: 0.8700
2025-04-15 23:38:59,637 - architecture2 - INFO - Epoch 15/30 || Time: 117.12s | Remaining: 33.2min || Train Acc: 0.9964 | Val Acc: 0.9965 || Train Loss: 0.2304 | Val Loss: 0.2310 || Val IoU: 0.7685 | Val F1: 0.8690
2025-04-15 23:40:56,539 - architecture2 - INFO - Epoch 16/30 || Time: 116.90s | Remaining: 31.2min || Train Acc: 0.9965 | Val Acc: 0.9964 || Train Loss: 0.2302 | Val Loss: 0.2312 || Val IoU: 0.7675 | Val F1: 0.8684
2025-04-15 23:42:53,468 - architecture2 - INFO - Epoch 17/30 || Time: 116.93s | Remaining: 29.2min || Train Acc: 0.9965 | Val Acc: 0.9961 || Train Loss: 0.2300 | Val Loss: 0.2335 || Val IoU: 0.7581 | Val F1: 0.8623
2025-04-15 23:44:50,459 - architecture2 - INFO - Epoch 18/30 || Time: 116.98s | Remaining: 27.3min || Train Acc: 0.9965 | Val Acc: 0.9965 || Train Loss: 0.2295 | Val Loss: 0.2297 || Val IoU: 0.7750 | Val F1: 0.8732
2025-04-15 23:46:47,421 - architecture2 - INFO - Epoch 19/30 || Time: 116.96s | Remaining: 25.3min || Train Acc: 0.9965 | Val Acc: 0.9965 || Train Loss: 0.2292 | Val Loss: 0.2299 || Val IoU: 0.7742 | Val F1: 0.8726
2025-04-15 23:48:44,324 - architecture2 - INFO - Epoch 20/30 || Time: 116.90s | Remaining: 23.4min || Train Acc: 0.9966 | Val Acc: 0.9965 || Train Loss: 0.2292 | Val Loss: 0.2295 || Val IoU: 0.7755 | Val F1: 0.8735
2025-04-15 23:50:41,353 - architecture2 - INFO - Epoch 21/30 || Time: 117.02s | Remaining: 21.5min || Train Acc: 0.9966 | Val Acc: 0.9965 || Train Loss: 0.2292 | Val Loss: 0.2295 || Val IoU: 0.7762 | Val F1: 0.8739
2025-04-15 23:52:38,238 - architecture2 - INFO - Epoch 22/30 || Time: 116.89s | Remaining: 19.5min || Train Acc: 0.9966 | Val Acc: 0.9965 || Train Loss: 0.2290 | Val Loss: 0.2299 || Val IoU: 0.7751 | Val F1: 0.8733
2025-04-15 23:54:35,150 - architecture2 - INFO - Epoch 23/30 || Time: 116.91s | Remaining: 17.5min || Train Acc: 0.9966 | Val Acc: 0.9965 || Train Loss: 0.2290 | Val Loss: 0.2294 || Val IoU: 0.7767 | Val F1: 0.8742
2025-04-15 23:56:32,174 - architecture2 - INFO - Epoch 24/30 || Time: 117.02s | Remaining: 15.6min || Train Acc: 0.9966 | Val Acc: 0.9965 || Train Loss: 0.2288 | Val Loss: 0.2290 || Val IoU: 0.7779 | Val F1: 0.8750
2025-04-15 23:58:29,024 - architecture2 - INFO - Epoch 25/30 || Time: 116.85s | Remaining: 13.6min || Train Acc: 0.9966 | Val Acc: 0.9963 || Train Loss: 0.2288 | Val Loss: 0.2310 || Val IoU: 0.7691 | Val F1: 0.8694
2025-04-16 00:00:25,899 - architecture2 - INFO - Epoch 26/30 || Time: 116.87s | Remaining: 11.7min || Train Acc: 0.9966 | Val Acc: 0.9965 || Train Loss: 0.2286 | Val Loss: 0.2296 || Val IoU: 0.7749 | Val F1: 0.8731
2025-04-16 00:02:22,890 - architecture2 - INFO - Epoch 27/30 || Time: 116.98s | Remaining: 9.7min || Train Acc: 0.9966 | Val Acc: 0.9966 || Train Loss: 0.2285 | Val Loss: 0.2292 || Val IoU: 0.7786 | Val F1: 0.8755
2025-04-16 00:04:19,786 - architecture2 - INFO - Epoch 28/30 || Time: 116.89s | Remaining: 7.8min || Train Acc: 0.9966 | Val Acc: 0.9966 || Train Loss: 0.2282 | Val Loss: 0.2285 || Val IoU: 0.7808 | Val F1: 0.8768
2025-04-16 00:06:16,711 - architecture2 - INFO - Epoch 29/30 || Time: 116.93s | Remaining: 5.8min || Train Acc: 0.9966 | Val Acc: 0.9965 || Train Loss: 0.2282 | Val Loss: 0.2292 || Val IoU: 0.7780 | Val F1: 0.8751
2025-04-16 00:08:13,719 - architecture2 - INFO - Epoch 30/30 || Time: 117.00s | Remaining: 3.9min || Train Acc: 0.9966 | Val Acc: 0.9966 || Train Loss: 0.2281 | Val Loss: 0.2286 || Val IoU: 0.7809 | Val F1: 0.8769
2025-04-16 00:08:13,719 - architecture2 - INFO - Training completed! total time: 58.48 mins
2025-04-16 00:08:13,719 - architecture2 - INFO - Best validation IoU achieved: 0.7809
