2025-04-03 11:21:55,561 - architecture2 - INFO - training started for 20 epochs
2025-04-03 11:21:55,561 - architecture2 - INFO - model will be saved to: model_folder/best_model_03-04-2025-11.pth
2025-04-03 11:24:31,296 - architecture2 - INFO - new best model saved at epoch 1 (Val Loss: 0.3355)
2025-04-03 11:24:31,296 - architecture2 - INFO - Epoch 1/20 || Time: 155.70s | Remaining: 54.5min || Train Acc: 0.9678 | Val Acc: 0.9810 || Train Loss: 0.4480 | Val Loss: 0.3355 || Val IoU: 0.6119 | Val F1: 0.7592
2025-04-03 11:27:09,879 - architecture2 - INFO - new best model saved at epoch 2 (Val Loss: 0.2598)
2025-04-03 11:27:09,879 - architecture2 - INFO - Epoch 2/20 || Time: 158.28s | Remaining: 52.8min || Train Acc: 0.9823 | Val Acc: 0.9839 || Train Loss: 0.2819 | Val Loss: 0.2598 || Val IoU: 0.6656 | Val F1: 0.7993
2025-04-03 11:29:49,232 - architecture2 - INFO - new best model saved at epoch 3 (Val Loss: 0.2451)
2025-04-03 11:29:49,232 - architecture2 - INFO - Epoch 3/20 || Time: 158.92s | Remaining: 50.3min || Train Acc: 0.9873 | Val Acc: 0.9894 || Train Loss: 0.2502 | Val Loss: 0.2451 || Val IoU: 0.7517 | Val F1: 0.8582
2025-04-03 11:32:28,590 - architecture2 - INFO - new best model saved at epoch 4 (Val Loss: 0.2420)
2025-04-03 11:32:28,590 - architecture2 - INFO - Epoch 4/20 || Time: 159.03s | Remaining: 47.7min || Train Acc: 0.9892 | Val Acc: 0.9896 || Train Loss: 0.2428 | Val Loss: 0.2420 || Val IoU: 0.7561 | Val F1: 0.8611
2025-04-03 11:35:07,939 - architecture2 - INFO - new best model saved at epoch 5 (Val Loss: 0.2410)
2025-04-03 11:35:07,939 - architecture2 - INFO - Epoch 5/20 || Time: 159.11s | Remaining: 45.1min || Train Acc: 0.9899 | Val Acc: 0.9913 || Train Loss: 0.2399 | Val Loss: 0.2410 || Val IoU: 0.7862 | Val F1: 0.8803
2025-04-03 11:37:47,640 - architecture2 - INFO - new best model saved at epoch 6 (Val Loss: 0.2387)
2025-04-03 11:37:47,640 - architecture2 - INFO - Epoch 6/20 || Time: 159.35s | Remaining: 42.5min || Train Acc: 0.9906 | Val Acc: 0.9920 || Train Loss: 0.2377 | Val Loss: 0.2387 || Val IoU: 0.8012 | Val F1: 0.8896
2025-04-03 11:40:27,417 - architecture2 - INFO - new best model saved at epoch 7 (Val Loss: 0.2382)
2025-04-03 11:40:27,417 - architecture2 - INFO - Epoch 7/20 || Time: 159.42s | Remaining: 39.9min || Train Acc: 0.9908 | Val Acc: 0.9913 || Train Loss: 0.2365 | Val Loss: 0.2382 || Val IoU: 0.7878 | Val F1: 0.8813
2025-04-03 11:43:06,939 - architecture2 - INFO - Epoch 8/20 || Time: 159.52s | Remaining: 37.2min || Train Acc: 0.9910 | Val Acc: 0.9920 || Train Loss: 0.2356 | Val Loss: 0.2388 || Val IoU: 0.8010 | Val F1: 0.8895
2025-04-03 11:45:46,736 - architecture2 - INFO - new best model saved at epoch 9 (Val Loss: 0.2372)
2025-04-03 11:45:46,737 - architecture2 - INFO - Epoch 9/20 || Time: 159.58s | Remaining: 34.6min || Train Acc: 0.9912 | Val Acc: 0.9910 || Train Loss: 0.2349 | Val Loss: 0.2372 || Val IoU: 0.7825 | Val F1: 0.8780
2025-04-03 11:48:26,863 - architecture2 - INFO - new best model saved at epoch 10 (Val Loss: 0.2370)
2025-04-03 11:48:26,863 - architecture2 - INFO - Epoch 10/20 || Time: 159.81s | Remaining: 32.0min || Train Acc: 0.9915 | Val Acc: 0.9916 || Train Loss: 0.2343 | Val Loss: 0.2370 || Val IoU: 0.7937 | Val F1: 0.8850
2025-04-03 11:51:06,537 - architecture2 - INFO - Epoch 11/20 || Time: 159.67s | Remaining: 29.3min || Train Acc: 0.9916 | Val Acc: 0.9920 || Train Loss: 0.2338 | Val Loss: 0.2371 || Val IoU: 0.8007 | Val F1: 0.8893
2025-04-03 11:53:46,640 - architecture2 - INFO - new best model saved at epoch 12 (Val Loss: 0.2366)
2025-04-03 11:53:46,640 - architecture2 - INFO - Epoch 12/20 || Time: 159.88s | Remaining: 26.6min || Train Acc: 0.9917 | Val Acc: 0.9912 || Train Loss: 0.2333 | Val Loss: 0.2366 || Val IoU: 0.7854 | Val F1: 0.8798
2025-04-03 11:56:26,849 - architecture2 - INFO - new best model saved at epoch 13 (Val Loss: 0.2359)
2025-04-03 11:56:26,850 - architecture2 - INFO - Epoch 13/20 || Time: 159.89s | Remaining: 24.0min || Train Acc: 0.9918 | Val Acc: 0.9912 || Train Loss: 0.2331 | Val Loss: 0.2359 || Val IoU: 0.7860 | Val F1: 0.8802
2025-04-03 11:59:06,848 - architecture2 - INFO - Epoch 14/20 || Time: 160.00s | Remaining: 21.3min || Train Acc: 0.9919 | Val Acc: 0.9916 || Train Loss: 0.2327 | Val Loss: 0.2361 || Val IoU: 0.7942 | Val F1: 0.8853
2025-04-03 12:01:46,902 - architecture2 - INFO - Epoch 15/20 || Time: 160.05s | Remaining: 18.7min || Train Acc: 0.9920 | Val Acc: 0.9899 || Train Loss: 0.2325 | Val Loss: 0.2365 || Val IoU: 0.7620 | Val F1: 0.8649
2025-04-03 12:01:46,902 - architecture2 - INFO - Training completed! total time: 39.80 mins
2025-04-03 12:01:46,902 - architecture2 - INFO - Best validation loss achieved: 0.2359
