2025-04-04 14:02:51,394 - architecture2 - INFO - training started for 30 epochs
2025-04-04 14:02:51,394 - architecture2 - INFO - model will be saved to: model_folder/best_model_04-04-2025-14-02.pth
2025-04-04 14:05:55,742 - architecture2 - INFO - new best model saved at epoch 1 (Val Loss: 0.4900)
2025-04-04 14:05:55,742 - architecture2 - INFO - Epoch 1/30 || Time: 184.31s | Remaining: 95.2min || Train Acc: 0.5646 | Val Acc: 0.9790 || Train Loss: 0.5886 | Val Loss: 0.4900 || Val IoU: 0.3964 | Val F1: 0.5676
2025-04-04 14:09:02,832 - architecture2 - INFO - new best model saved at epoch 2 (Val Loss: 0.2967)
2025-04-04 14:09:02,833 - architecture2 - INFO - Epoch 2/30 || Time: 186.94s | Remaining: 93.5min || Train Acc: 0.9894 | Val Acc: 0.9964 || Train Loss: 0.3911 | Val Loss: 0.2967 || Val IoU: 0.7838 | Val F1: 0.8787
2025-04-04 14:12:10,553 - architecture2 - INFO - new best model saved at epoch 3 (Val Loss: 0.2322)
2025-04-04 14:12:10,553 - architecture2 - INFO - Epoch 3/30 || Time: 187.38s | Remaining: 90.6min || Train Acc: 0.9972 | Val Acc: 0.9976 || Train Loss: 0.2526 | Val Loss: 0.2322 || Val IoU: 0.8459 | Val F1: 0.9165
2025-04-04 14:15:18,640 - architecture2 - INFO - new best model saved at epoch 4 (Val Loss: 0.2190)
2025-04-04 14:15:18,640 - architecture2 - INFO - Epoch 4/30 || Time: 187.72s | Remaining: 87.6min || Train Acc: 0.9979 | Val Acc: 0.9981 || Train Loss: 0.2241 | Val Loss: 0.2190 || Val IoU: 0.8727 | Val F1: 0.9320
2025-04-04 14:18:26,998 - architecture2 - INFO - new best model saved at epoch 5 (Val Loss: 0.2153)
2025-04-04 14:18:26,998 - architecture2 - INFO - Epoch 5/30 || Time: 187.98s | Remaining: 84.6min || Train Acc: 0.9982 | Val Acc: 0.9983 || Train Loss: 0.2166 | Val Loss: 0.2153 || Val IoU: 0.8845 | Val F1: 0.9387
2025-04-04 14:21:35,334 - architecture2 - INFO - new best model saved at epoch 6 (Val Loss: 0.2131)
2025-04-04 14:21:35,334 - architecture2 - INFO - Epoch 6/30 || Time: 187.99s | Remaining: 81.5min || Train Acc: 0.9984 | Val Acc: 0.9983 || Train Loss: 0.2131 | Val Loss: 0.2131 || Val IoU: 0.8875 | Val F1: 0.9404
2025-04-04 14:24:43,817 - architecture2 - INFO - new best model saved at epoch 7 (Val Loss: 0.2120)
2025-04-04 14:24:43,817 - architecture2 - INFO - Epoch 7/30 || Time: 188.16s | Remaining: 78.4min || Train Acc: 0.9986 | Val Acc: 0.9984 || Train Loss: 0.2108 | Val Loss: 0.2120 || Val IoU: 0.8921 | Val F1: 0.9430
2025-04-04 14:27:52,580 - architecture2 - INFO - new best model saved at epoch 8 (Val Loss: 0.2108)
2025-04-04 14:27:52,580 - architecture2 - INFO - Epoch 8/30 || Time: 188.40s | Remaining: 75.4min || Train Acc: 0.9987 | Val Acc: 0.9985 || Train Loss: 0.2092 | Val Loss: 0.2108 || Val IoU: 0.8961 | Val F1: 0.9452
2025-04-04 14:31:01,579 - architecture2 - INFO - new best model saved at epoch 9 (Val Loss: 0.2094)
2025-04-04 14:31:01,579 - architecture2 - INFO - Epoch 9/30 || Time: 188.60s | Remaining: 72.3min || Train Acc: 0.9988 | Val Acc: 0.9986 || Train Loss: 0.2079 | Val Loss: 0.2094 || Val IoU: 0.9035 | Val F1: 0.9493
2025-04-04 14:34:10,509 - architecture2 - INFO - new best model saved at epoch 10 (Val Loss: 0.2093)
2025-04-04 14:34:10,509 - architecture2 - INFO - Epoch 10/30 || Time: 188.56s | Remaining: 69.1min || Train Acc: 0.9989 | Val Acc: 0.9986 || Train Loss: 0.2067 | Val Loss: 0.2093 || Val IoU: 0.9031 | Val F1: 0.9490
2025-04-04 14:37:19,470 - architecture2 - INFO - new best model saved at epoch 11 (Val Loss: 0.2086)
2025-04-04 14:37:19,470 - architecture2 - INFO - Epoch 11/30 || Time: 188.56s | Remaining: 66.0min || Train Acc: 0.9989 | Val Acc: 0.9986 || Train Loss: 0.2059 | Val Loss: 0.2086 || Val IoU: 0.9066 | Val F1: 0.9510
2025-04-04 14:40:28,393 - architecture2 - INFO - new best model saved at epoch 12 (Val Loss: 0.2084)
2025-04-04 14:40:28,393 - architecture2 - INFO - Epoch 12/30 || Time: 188.55s | Remaining: 62.9min || Train Acc: 0.9990 | Val Acc: 0.9987 || Train Loss: 0.2052 | Val Loss: 0.2084 || Val IoU: 0.9085 | Val F1: 0.9521
2025-04-04 14:43:37,366 - architecture2 - INFO - new best model saved at epoch 13 (Val Loss: 0.2081)
2025-04-04 14:43:37,366 - architecture2 - INFO - Epoch 13/30 || Time: 188.57s | Remaining: 59.7min || Train Acc: 0.9991 | Val Acc: 0.9987 || Train Loss: 0.2043 | Val Loss: 0.2081 || Val IoU: 0.9107 | Val F1: 0.9532
2025-04-04 14:46:46,141 - architecture2 - INFO - Epoch 14/30 || Time: 188.77s | Remaining: 56.6min || Train Acc: 0.9991 | Val Acc: 0.9986 || Train Loss: 0.2040 | Val Loss: 0.2084 || Val IoU: 0.9068 | Val F1: 0.9511
2025-04-04 14:49:55,353 - architecture2 - INFO - new best model saved at epoch 15 (Val Loss: 0.2075)
2025-04-04 14:49:55,353 - architecture2 - INFO - Epoch 15/30 || Time: 188.84s | Remaining: 53.5min || Train Acc: 0.9992 | Val Acc: 0.9987 || Train Loss: 0.2034 | Val Loss: 0.2075 || Val IoU: 0.9125 | Val F1: 0.9542
2025-04-04 14:53:04,050 - architecture2 - INFO - Epoch 16/30 || Time: 188.70s | Remaining: 50.3min || Train Acc: 0.9992 | Val Acc: 0.9987 || Train Loss: 0.2030 | Val Loss: 0.2078 || Val IoU: 0.9119 | Val F1: 0.9539
2025-04-04 14:56:12,886 - architecture2 - INFO - Epoch 17/30 || Time: 188.84s | Remaining: 47.2min || Train Acc: 0.9993 | Val Acc: 0.9986 || Train Loss: 0.2026 | Val Loss: 0.2083 || Val IoU: 0.9059 | Val F1: 0.9506
2025-04-04 14:59:21,692 - architecture2 - INFO - Epoch 18/30 || Time: 188.81s | Remaining: 44.1min || Train Acc: 0.9993 | Val Acc: 0.9987 || Train Loss: 0.2022 | Val Loss: 0.2076 || Val IoU: 0.9110 | Val F1: 0.9534
2025-04-04 14:59:21,692 - architecture2 - INFO - Training completed! total time: 56.43 mins
2025-04-04 14:59:21,692 - architecture2 - INFO - Best validation loss achieved: 0.2075
