2025-04-03 13:57:11,505 - architecture2 - INFO - training started for 20 epochs
2025-04-03 13:57:11,505 - architecture2 - INFO - model will be saved to: model_folder/best_model_03-04-2025-13-57.pth
2025-04-03 13:59:48,429 - architecture2 - INFO - new best model saved at epoch 1 (Val Loss: 0.3412)
2025-04-03 13:59:48,429 - architecture2 - INFO - Epoch 1/20 || Time: 156.89s | Remaining: 54.9min || Train Acc: 0.9647 | Val Acc: 0.9797 || Train Loss: 0.4658 | Val Loss: 0.3412 || Val IoU: 0.6081 | Val F1: 0.7563
2025-04-03 14:02:28,470 - architecture2 - INFO - new best model saved at epoch 2 (Val Loss: 0.2594)
2025-04-03 14:02:28,470 - architecture2 - INFO - Epoch 2/20 || Time: 159.60s | Remaining: 53.2min || Train Acc: 0.9818 | Val Acc: 0.9885 || Train Loss: 0.2854 | Val Loss: 0.2594 || Val IoU: 0.7321 | Val F1: 0.8453
2025-04-03 14:05:08,667 - architecture2 - INFO - new best model saved at epoch 3 (Val Loss: 0.2463)
2025-04-03 14:05:08,667 - architecture2 - INFO - Epoch 3/20 || Time: 159.88s | Remaining: 50.6min || Train Acc: 0.9873 | Val Acc: 0.9890 || Train Loss: 0.2504 | Val Loss: 0.2463 || Val IoU: 0.7458 | Val F1: 0.8544
2025-04-03 14:07:49,037 - architecture2 - INFO - new best model saved at epoch 4 (Val Loss: 0.2439)
2025-04-03 14:07:49,037 - architecture2 - INFO - Epoch 4/20 || Time: 160.07s | Remaining: 48.0min || Train Acc: 0.9893 | Val Acc: 0.9846 || Train Loss: 0.2429 | Val Loss: 0.2439 || Val IoU: 0.6785 | Val F1: 0.8084
2025-04-03 14:10:29,473 - architecture2 - INFO - new best model saved at epoch 5 (Val Loss: 0.2396)
2025-04-03 14:10:29,473 - architecture2 - INFO - Epoch 5/20 || Time: 160.16s | Remaining: 45.4min || Train Acc: 0.9900 | Val Acc: 0.9912 || Train Loss: 0.2398 | Val Loss: 0.2396 || Val IoU: 0.7840 | Val F1: 0.8789
2025-04-03 14:13:09,974 - architecture2 - INFO - new best model saved at epoch 6 (Val Loss: 0.2390)
2025-04-03 14:13:09,974 - architecture2 - INFO - Epoch 6/20 || Time: 160.11s | Remaining: 42.7min || Train Acc: 0.9905 | Val Acc: 0.9911 || Train Loss: 0.2380 | Val Loss: 0.2390 || Val IoU: 0.7820 | Val F1: 0.8777
2025-04-03 14:15:50,710 - architecture2 - INFO - new best model saved at epoch 7 (Val Loss: 0.2378)
2025-04-03 14:15:50,710 - architecture2 - INFO - Epoch 7/20 || Time: 160.16s | Remaining: 40.0min || Train Acc: 0.9909 | Val Acc: 0.9921 || Train Loss: 0.2367 | Val Loss: 0.2378 || Val IoU: 0.8028 | Val F1: 0.8906
2025-04-03 14:18:31,312 - architecture2 - INFO - new best model saved at epoch 8 (Val Loss: 0.2373)
2025-04-03 14:18:31,312 - architecture2 - INFO - Epoch 8/20 || Time: 160.28s | Remaining: 37.4min || Train Acc: 0.9912 | Val Acc: 0.9898 || Train Loss: 0.2358 | Val Loss: 0.2373 || Val IoU: 0.7614 | Val F1: 0.8645
2025-04-03 14:21:12,145 - architecture2 - INFO - new best model saved at epoch 9 (Val Loss: 0.2367)
2025-04-03 14:21:12,145 - architecture2 - INFO - Epoch 9/20 || Time: 160.25s | Remaining: 34.7min || Train Acc: 0.9914 | Val Acc: 0.9910 || Train Loss: 0.2350 | Val Loss: 0.2367 || Val IoU: 0.7818 | Val F1: 0.8775
2025-04-03 14:23:52,839 - architecture2 - INFO - new best model saved at epoch 10 (Val Loss: 0.2365)
2025-04-03 14:23:52,839 - architecture2 - INFO - Epoch 10/20 || Time: 160.26s | Remaining: 32.1min || Train Acc: 0.9915 | Val Acc: 0.9920 || Train Loss: 0.2345 | Val Loss: 0.2365 || Val IoU: 0.8009 | Val F1: 0.8895
2025-04-03 14:26:33,168 - architecture2 - INFO - Epoch 11/20 || Time: 160.33s | Remaining: 29.4min || Train Acc: 0.9916 | Val Acc: 0.9923 || Train Loss: 0.2340 | Val Loss: 0.2365 || Val IoU: 0.8058 | Val F1: 0.8925
2025-04-03 14:29:13,784 - architecture2 - INFO - new best model saved at epoch 12 (Val Loss: 0.2359)
2025-04-03 14:29:13,784 - architecture2 - INFO - Epoch 12/20 || Time: 160.33s | Remaining: 26.7min || Train Acc: 0.9917 | Val Acc: 0.9913 || Train Loss: 0.2336 | Val Loss: 0.2359 || Val IoU: 0.7875 | Val F1: 0.8811
2025-04-03 14:31:54,098 - architecture2 - INFO - Epoch 13/20 || Time: 160.31s | Remaining: 24.0min || Train Acc: 0.9917 | Val Acc: 0.9925 || Train Loss: 0.2334 | Val Loss: 0.2362 || Val IoU: 0.8113 | Val F1: 0.8958
2025-04-03 14:34:34,328 - architecture2 - INFO - new best model saved at epoch 14 (Val Loss: 0.2357)
2025-04-03 14:34:34,328 - architecture2 - INFO - Epoch 14/20 || Time: 160.08s | Remaining: 21.3min || Train Acc: 0.9920 | Val Acc: 0.9920 || Train Loss: 0.2327 | Val Loss: 0.2357 || Val IoU: 0.8004 | Val F1: 0.8891
2025-04-03 14:37:14,410 - architecture2 - INFO - Epoch 15/20 || Time: 160.08s | Remaining: 18.7min || Train Acc: 0.9920 | Val Acc: 0.9905 || Train Loss: 0.2327 | Val Loss: 0.2362 || Val IoU: 0.7741 | Val F1: 0.8727
2025-04-03 14:39:54,845 - architecture2 - INFO - new best model saved at epoch 16 (Val Loss: 0.2357)
2025-04-03 14:39:54,846 - architecture2 - INFO - Epoch 16/20 || Time: 160.11s | Remaining: 16.0min || Train Acc: 0.9920 | Val Acc: 0.9922 || Train Loss: 0.2325 | Val Loss: 0.2357 || Val IoU: 0.8056 | Val F1: 0.8923
2025-04-03 14:42:35,033 - architecture2 - INFO - Epoch 17/20 || Time: 160.19s | Remaining: 13.3min || Train Acc: 0.9920 | Val Acc: 0.9920 || Train Loss: 0.2323 | Val Loss: 0.2358 || Val IoU: 0.8018 | Val F1: 0.8900
2025-04-03 14:42:35,033 - architecture2 - INFO - Training completed! total time: 45.32 mins
2025-04-03 14:42:35,033 - architecture2 - INFO - Best validation loss achieved: 0.2357
