2025-04-03 12:13:53,272 - architecture2 - INFO - training started for 20 epochs
2025-04-03 12:13:53,272 - architecture2 - INFO - model will be saved to: model_folder/best_model_03-04-2025-12.pth
2025-04-03 12:16:29,863 - architecture2 - INFO - new best model saved at epoch 1 (Val Loss: 0.3641)
2025-04-03 12:16:29,863 - architecture2 - INFO - Epoch 1/20 || Time: 156.55s | Remaining: 54.8min || Train Acc: 0.9566 | Val Acc: 0.9695 || Train Loss: 0.5021 | Val Loss: 0.3641 || Val IoU: 0.5076 | Val F1: 0.6733
2025-04-03 12:19:09,633 - architecture2 - INFO - new best model saved at epoch 2 (Val Loss: 0.2647)
2025-04-03 12:19:09,634 - architecture2 - INFO - Epoch 2/20 || Time: 159.49s | Remaining: 53.2min || Train Acc: 0.9806 | Val Acc: 0.9834 || Train Loss: 0.2971 | Val Loss: 0.2647 || Val IoU: 0.6547 | Val F1: 0.7913
2025-04-03 12:21:49,638 - architecture2 - INFO - new best model saved at epoch 3 (Val Loss: 0.2472)
2025-04-03 12:21:49,638 - architecture2 - INFO - Epoch 3/20 || Time: 159.87s | Remaining: 50.6min || Train Acc: 0.9867 | Val Acc: 0.9903 || Train Loss: 0.2533 | Val Loss: 0.2472 || Val IoU: 0.7643 | Val F1: 0.8664
2025-04-03 12:24:29,832 - architecture2 - INFO - new best model saved at epoch 4 (Val Loss: 0.2447)
2025-04-03 12:24:29,832 - architecture2 - INFO - Epoch 4/20 || Time: 159.91s | Remaining: 48.0min || Train Acc: 0.9888 | Val Acc: 0.9845 || Train Loss: 0.2441 | Val Loss: 0.2447 || Val IoU: 0.6737 | Val F1: 0.8050
2025-04-03 12:27:10,146 - architecture2 - INFO - new best model saved at epoch 5 (Val Loss: 0.2407)
2025-04-03 12:27:10,146 - architecture2 - INFO - Epoch 5/20 || Time: 160.03s | Remaining: 45.3min || Train Acc: 0.9897 | Val Acc: 0.9919 || Train Loss: 0.2405 | Val Loss: 0.2407 || Val IoU: 0.7953 | Val F1: 0.8860
2025-04-03 12:29:50,547 - architecture2 - INFO - new best model saved at epoch 6 (Val Loss: 0.2386)
2025-04-03 12:29:50,547 - architecture2 - INFO - Epoch 6/20 || Time: 160.14s | Remaining: 42.7min || Train Acc: 0.9903 | Val Acc: 0.9906 || Train Loss: 0.2384 | Val Loss: 0.2386 || Val IoU: 0.7718 | Val F1: 0.8712
2025-04-03 12:32:31,020 - architecture2 - INFO - new best model saved at epoch 7 (Val Loss: 0.2380)
2025-04-03 12:32:31,020 - architecture2 - INFO - Epoch 7/20 || Time: 160.17s | Remaining: 40.0min || Train Acc: 0.9906 | Val Acc: 0.9910 || Train Loss: 0.2371 | Val Loss: 0.2380 || Val IoU: 0.7789 | Val F1: 0.8757
2025-04-03 12:35:11,439 - architecture2 - INFO - new best model saved at epoch 8 (Val Loss: 0.2372)
2025-04-03 12:35:11,439 - architecture2 - INFO - Epoch 8/20 || Time: 160.16s | Remaining: 37.4min || Train Acc: 0.9909 | Val Acc: 0.9907 || Train Loss: 0.2362 | Val Loss: 0.2372 || Val IoU: 0.7739 | Val F1: 0.8725
2025-04-03 12:37:52,194 - architecture2 - INFO - new best model saved at epoch 9 (Val Loss: 0.2364)
2025-04-03 12:37:52,194 - architecture2 - INFO - Epoch 9/20 || Time: 160.34s | Remaining: 34.7min || Train Acc: 0.9912 | Val Acc: 0.9904 || Train Loss: 0.2355 | Val Loss: 0.2364 || Val IoU: 0.7695 | Val F1: 0.8698
2025-04-03 12:40:32,413 - architecture2 - INFO - Epoch 10/20 || Time: 160.22s | Remaining: 32.0min || Train Acc: 0.9915 | Val Acc: 0.9928 || Train Loss: 0.2347 | Val Loss: 0.2374 || Val IoU: 0.8148 | Val F1: 0.8979
2025-04-03 12:43:13,106 - architecture2 - INFO - new best model saved at epoch 11 (Val Loss: 0.2356)
2025-04-03 12:43:13,106 - architecture2 - INFO - Epoch 11/20 || Time: 160.35s | Remaining: 29.4min || Train Acc: 0.9916 | Val Acc: 0.9917 || Train Loss: 0.2342 | Val Loss: 0.2356 || Val IoU: 0.7939 | Val F1: 0.8851
2025-04-03 12:45:53,508 - architecture2 - INFO - Epoch 12/20 || Time: 160.40s | Remaining: 26.7min || Train Acc: 0.9917 | Val Acc: 0.9915 || Train Loss: 0.2337 | Val Loss: 0.2356 || Val IoU: 0.7903 | Val F1: 0.8828
2025-04-03 12:48:34,272 - architecture2 - INFO - new best model saved at epoch 13 (Val Loss: 0.2353)
2025-04-03 12:48:34,272 - architecture2 - INFO - Epoch 13/20 || Time: 160.45s | Remaining: 24.1min || Train Acc: 0.9918 | Val Acc: 0.9916 || Train Loss: 0.2333 | Val Loss: 0.2353 || Val IoU: 0.7914 | Val F1: 0.8835
2025-04-03 12:51:14,754 - architecture2 - INFO - Epoch 14/20 || Time: 160.48s | Remaining: 21.4min || Train Acc: 0.9919 | Val Acc: 0.9914 || Train Loss: 0.2330 | Val Loss: 0.2355 || Val IoU: 0.7881 | Val F1: 0.8815
2025-04-03 12:53:55,503 - architecture2 - INFO - new best model saved at epoch 15 (Val Loss: 0.2353)
2025-04-03 12:53:55,503 - architecture2 - INFO - Epoch 15/20 || Time: 160.47s | Remaining: 18.7min || Train Acc: 0.9919 | Val Acc: 0.9917 || Train Loss: 0.2328 | Val Loss: 0.2353 || Val IoU: 0.7934 | Val F1: 0.8848
2025-04-03 12:56:36,177 - architecture2 - INFO - new best model saved at epoch 16 (Val Loss: 0.2350)
2025-04-03 12:56:36,177 - architecture2 - INFO - Epoch 16/20 || Time: 160.36s | Remaining: 16.0min || Train Acc: 0.9920 | Val Acc: 0.9919 || Train Loss: 0.2325 | Val Loss: 0.2350 || Val IoU: 0.7975 | Val F1: 0.8873
2025-04-03 12:59:16,609 - architecture2 - INFO - Epoch 17/20 || Time: 160.43s | Remaining: 13.4min || Train Acc: 0.9921 | Val Acc: 0.9915 || Train Loss: 0.2322 | Val Loss: 0.2355 || Val IoU: 0.7906 | Val F1: 0.8831
2025-04-03 12:59:16,609 - architecture2 - INFO - Training completed! total time: 45.33 mins
2025-04-03 12:59:16,609 - architecture2 - INFO - Best validation loss achieved: 0.2350
